<?xml version="1.0" encoding="UTF-8"?>
<!-- Generated by org.testng.reporters.JUnitReportReporter -->
<testsuite skipped="0" hostname="ASM573" name="com.edu.qa.demo.College_Detail" tests="2" failures="0" timestamp="2022-02-01T07:19:57 PST" time="11.933" errors="0">
  <testcase name="college_Detail" time="9.993" classname="com.edu.qa.demo.College_Detail"/>
  <system-out/>
  <testcase name="displaysearch_result" time="1.940" classname="com.edu.qa.demo.College_Detail"/>
  <system-out/>
</testsuite> <!-- com.edu.qa.demo.College_Detail -->
