<?xml version="1.0" encoding="UTF-8"?>
<!-- Generated by org.testng.reporters.JUnitReportReporter -->
<testsuite skipped="0" hostname="ASM573" name="com.edu.qa.demo.Class_Detail" tests="2" failures="0" timestamp="2022-01-31T23:31:39 PST" time="10.637" errors="0">
  <testcase name="college_Detail" time="8.670" classname="com.edu.qa.demo.Class_Detail"/>
  <system-out/>
  <testcase name="Displaysearch_result" time="1.967" classname="com.edu.qa.demo.Class_Detail"/>
  <system-out/>
</testsuite> <!-- com.edu.qa.demo.Class_Detail -->
