<?xml version="1.0" encoding="UTF-8"?>
<!-- Generated by org.testng.reporters.JUnitReportReporter -->
<testsuite skipped="0" hostname="ASM573" name="com.edu.qa.demo.Course_Detail" tests="1" failures="0" timestamp="2022-02-01T07:19:57 PST" time="7.554" errors="0">
  <testcase name="courseLink" time="7.554" classname="com.edu.qa.demo.Course_Detail"/>
  <system-out/>
</testsuite> <!-- com.edu.qa.demo.Course_Detail -->
